{"D:\\Olga\\KortaKursenTestare\\ObligatoriskaUppgifter\\Inlamningsuppgift1\\login.js": {"path":"D:\\Olga\\KortaKursenTestare\\ObligatoriskaUppgifter\\Inlamningsuppgift1\\login.js","statementMap":{"0":{"start":{"line":3,"column":4},"end":{"line":8,"column":5}},"1":{"start":{"line":4,"column":8},"end":{"line":4,"column":19}},"2":{"start":{"line":7,"column":8},"end":{"line":7,"column":20}},"3":{"start":{"line":10,"column":0},"end":{"line":10,"column":21}}},"fnMap":{"0":{"name":"login","decl":{"start":{"line":1,"column":9},"end":{"line":1,"column":14}},"loc":{"start":{"line":1,"column":34},"end":{"line":9,"column":1}},"line":1}},"branchMap":{"0":{"loc":{"start":{"line":3,"column":4},"end":{"line":8,"column":5}},"type":"if","locations":[{"start":{"line":3,"column":4},"end":{"line":8,"column":5}},{"start":{"line":6,"column":9},"end":{"line":8,"column":5}}],"line":3},"1":{"loc":{"start":{"line":3,"column":8},"end":{"line":3,"column":52}},"type":"binary-expr","locations":[{"start":{"line":3,"column":8},"end":{"line":3,"column":25}},{"start":{"line":3,"column":29},"end":{"line":3,"column":52}}],"line":3}},"s":{"0":11,"1":1,"2":10,"3":1},"f":{"0":11},"b":{"0":[1,10],"1":[11,5]},"_coverageSchema":"1a1c01bbd47fc00a2c39e90264f33305004495a9","hash":"c046a8dfa4c6036e3ceb8064fc1f02c92beedca5"}
}
